Arguments: 
  C:\Program Files\nodejs\node.exe C:\Users\Thinkpad\AppData\Roaming\npm\node_modules\yarn\bin\yarn.js add vite-plugin-imagemin -D

PATH: 
  C:\windows\system32;C:\windows;C:\windows\System32\Wbem;C:\windows\System32\WindowsPowerShell\v1.0\;C:\windows\System32\OpenSSH\;E:\;E:\Git\cmd;C:\Program Files\nodejs\;C:\Users\Thinkpad\AppData\Local\Microsoft\WindowsApps;E:\Microsoft VS Code\bin;C:\Users\Thinkpad\AppData\Roaming\npm

Yarn version: 
  1.22.10

Node version: 
  14.17.0

Platform: 
  win32 x64

Trace: 
  Error: EPERM: operation not permitted, unlink 'D:\projects\vsulv-manage-managePlusHtml\node_modules\esbuild\esbuild.exe'

npm manifest: 
  {
  	"version": "0.0.0",
  	"scripts": {
  		"i": "npm install",
  		"dev": "vite",
  		"build:dev": "vite build --mode dev",
  		"build:uat": "vite build --mode uat",
  		"build": "vite build",
  		"serve": "npm run dev",
  		"preview": "npm run build && vite preview",
  		"preview:dev": "vite build --mode dev && vite preview",
  		"preview:dist": "vite preview",
  		"report": "cross-env REPORT=true npm run build",
  		"prepare": "husky install",
  		"lint:lint-staged": "lint-staged -c ./.husky/lintstagedrc.js"
  	},
  	"dependencies": {
  		"@vueuse/core": "^5.0.3",
  		"ant-design-vue": "2.2.1",
  		"axios": "^0.21.1",
  		"default-passive-events": "^2.0.0",
  		"js-cookie": "^2.2.1",
  		"path-browserify": "^1.0.1",
  		"qs": "^6.10.1",
  		"vue": "^3.0.11",
  		"vue-router": "^4.0.3",
  		"vuex": "^4.0.2"
  	},
  	"devDependencies": {
  		"@commitlint/cli": "^12.1.4",
  		"@commitlint/config-conventional": "^12.1.4",
  		"@vitejs/plugin-legacy": "^1.4.2",
  		"@vitejs/plugin-vue": "^1.2.3",
  		"@vitejs/plugin-vue-jsx": "^1.1.5",
  		"@vue/compiler-sfc": "^3.0.5",
  		"autoprefixer": "^10.3.1",
  		"cross-env": "^7.0.3",
  		"eslint": "^7.28.0",
  		"eslint-config-prettier": "^8.3.0",
  		"eslint-define-config": "^1.0.8",
  		"eslint-plugin-prettier": "^3.4.0",
  		"eslint-plugin-vue": "^7.11.1",
  		"husky": "^7.0.1",
  		"lint-staged": "^11.0.1",
  		"path-to-regexp": "^6.2.0",
  		"postcss": "^8.3.5",
  		"prettier": "^2.3.1",
  		"rollup-plugin-visualizer": "^5.5.2",
  		"sass": "^1.35.1",
  		"stylelint": "^13.13.1",
  		"stylelint-config-prettier": "^8.0.2",
  		"stylelint-config-standard": "^22.0.0",
  		"stylelint-order": "^4.1.0",
  		"vite": "2.4.2",
  		"vite-plugin-compression": "^0.3.1",
  		"vite-plugin-html": "^2.0.7",
  		"vite-plugin-style-import": "^1.0.0",
  		"vue-eslint-parser": "^7.6.0"
  	},
  	"resolutions": {
  		"//": "Used to install imagemin dependencies, because imagemin may not be installed in China. If it is abroad, you can delete it",
  		"bin-wrapper": "npm:bin-wrapper-china",
  		"rollup": "^2.53.1"
  	}
  }

yarn manifest: 
  No manifest

Lockfile: 
  No lockfile
